<?xml version="1.0" encoding="UTF-8"?>
<!-- Generated by org.testng.reporters.JUnitXMLReporter -->
<testsuite hostname="om12" ignored="0" name="Default test" tests="3" failures="0" timestamp="21 Feb 2019 12:58:25 GMT" time="0.045" errors="0">
  <testcase name="registerUser" time="0.009" classname="LearningTestNG.LearningDataParameter"/>
  <testcase name="registerUser" time="0.002" classname="LearningTestNG.LearningDataParameter"/>
  <testcase name="registerUser" time="0.002" classname="LearningTestNG.LearningDataParameter"/>
</testsuite> <!-- Default test -->
