<?xml version="1.0" encoding="UTF-8"?>
<!-- Generated by org.testng.reporters.JUnitXMLReporter -->
<testsuite hostname="om12" ignored="0" name="Default test" tests="3" failures="0" timestamp="15 Feb 2019 13:12:37 GMT" time="0.027" errors="0">
  <testcase name="test3" time="0.004" classname="LearningTestNG.TestNGAnotation_2"/>
  <testcase name="testCaseOne" time="0.001" classname="LearningTestNG.TestNGAnotation_1"/>
  <testcase name="testCaseTwo" time="0.001" classname="LearningTestNG.TestNGAnotation_1"/>
</testsuite> <!-- Default test -->
