<?xml version="1.0" encoding="UTF-8"?>
<testng-results skipped="0" failed="0" ignored="1" total="3" passed="2">
  <reporter-output>
  </reporter-output>
  <suite name="Selenium by groups" duration-ms="33" started-at="2019-02-21T13:59:34Z" finished-at="2019-02-21T13:59:34Z">
    <groups>
      <group name="performance">
        <method signature="GroupingTest.feature1()[pri:0, instance:LearningTestNG.GroupingTest@47c62251]" name="feature1" class="LearningTestNG.GroupingTest"/>
        <method signature="GroupingTest.feature3()[pri:0, instance:LearningTestNG.GroupingTest@47c62251]" name="feature3" class="LearningTestNG.GroupingTest"/>
      </group> <!-- performance -->
      <group name="Regression`">
        <method signature="GroupingTest.feature3()[pri:0, instance:LearningTestNG.GroupingTest@47c62251]" name="feature3" class="LearningTestNG.GroupingTest"/>
      </group> <!-- Regression` -->
    </groups>
    <test name="GRP-performance" duration-ms="33" started-at="2019-02-21T13:59:34Z" finished-at="2019-02-21T13:59:34Z">
      <class name="LearningTestNG.GroupingTest">
        <test-method status="PASS" signature="feature1()[pri:0, instance:LearningTestNG.GroupingTest@47c62251]" name="feature1" duration-ms="10" started-at="2019-02-21T13:59:34Z" finished-at="2019-02-21T13:59:34Z">
          <reporter-output>
          </reporter-output>
        </test-method> <!-- feature1 -->
        <test-method status="PASS" signature="feature3()[pri:0, instance:LearningTestNG.GroupingTest@47c62251]" name="feature3" duration-ms="1" started-at="2019-02-21T13:59:34Z" finished-at="2019-02-21T13:59:34Z">
          <reporter-output>
          </reporter-output>
        </test-method> <!-- feature3 -->
      </class> <!-- LearningTestNG.GroupingTest -->
    </test> <!-- GRP-performance -->
  </suite> <!-- Selenium by groups -->
</testng-results>
