<?xml version="1.0" encoding="UTF-8"?>
<!-- Generated by org.testng.reporters.JUnitXMLReporter -->
<testsuite hostname="om12" ignored="1" name="GRP-Regression,Regression`" tests="2" failures="0" timestamp="22 Feb 2019 05:45:37 GMT" time="0.035" errors="0">
  <testcase name="feature2" time="0.011" classname="LearningTestNG.GroupingTest"/>
  <testcase name="feature3" time="0.002" classname="LearningTestNG.GroupingTest"/>
  <testcase name="feature1" time="0.0" classname="LearningTestNG.GroupingTest">
    <ignored/>
  </testcase> <!-- feature1 -->
</testsuite> <!-- GRP-Regression,Regression` -->
