<?xml version="1.0" encoding="UTF-8"?>
<!-- Generated by org.testng.reporters.JUnitXMLReporter -->
<testsuite hostname="om12" ignored="2" name="GRP-Regression" tests="1" failures="0" timestamp="22 Feb 2019 05:45:18 GMT" time="0.027" errors="0">
  <testcase name="feature2" time="0.007" classname="LearningTestNG.GroupingTest"/>
  <testcase name="feature1" time="0.0" classname="LearningTestNG.GroupingTest">
    <ignored/>
  </testcase> <!-- feature1 -->
  <testcase name="feature3" time="0.0" classname="LearningTestNG.GroupingTest">
    <ignored/>
  </testcase> <!-- feature3 -->
</testsuite> <!-- GRP-Regression -->
