<?xml version="1.0" encoding="UTF-8"?>
<!-- Generated by org.testng.reporters.JUnitXMLReporter -->
<testsuite hostname="om12" ignored="1" name="GRP-performance" tests="2" failures="0" timestamp="22 Feb 2019 05:44:46 GMT" time="0.034" errors="0">
  <testcase name="feature1" time="0.009" classname="LearningTestNG.GroupingTest"/>
  <testcase name="feature3" time="0.001" classname="LearningTestNG.GroupingTest"/>
  <testcase name="feature2" time="0.0" classname="LearningTestNG.GroupingTest">
    <ignored/>
  </testcase> <!-- feature2 -->
</testsuite> <!-- GRP-performance -->
